Arguments: 
  C:\Program Files\nodejs\node.exe C:\Users\Dell\AppData\Roaming\npm\node_modules\yarn\bin\yarn.js install

PATH: 
  C:\Python310\Scripts\;C:\Python310\;C:\WINDOWS\system32;C:\WINDOWS;C:\WINDOWS\System32\Wbem;C:\WINDOWS\System32\WindowsPowerShell\v1.0\;C:\WINDOWS\System32\OpenSSH\;D:\xampp\php;C:\ProgramData\ComposerSetup\bin;C:\ProgramData\chocolatey\bin;C:\Program Files\PuTTY\;D:\Git\cmd;;C:\Program Files\nodejs\;C:\Program Files\Git LFS;C:\Users\Dell\AppData\Local\Microsoft\WindowsApps;C:\Users\Dell\AppData\Roaming\Composer\vendor\bin;C:\Users\Dell\AppData\Local\Programs\Microsoft VS Code\bin;;C:\Users\Dell\AppData\Roaming\npm

Yarn version: 
  1.22.17

Node version: 
  18.14.2

Platform: 
  win32 x64

Trace: 
  Error: https://registry.yarnpkg.com/@ant-design/icons/-/icons-5.0.1.tgz: ESOCKETTIMEDOUT
      at ClientRequest.<anonymous> (C:\Users\Dell\AppData\Roaming\npm\node_modules\yarn\lib\cli.js:141510:19)
      at Object.onceWrapper (node:events:627:28)
      at ClientRequest.emit (node:events:513:28)
      at TLSSocket.emitRequestTimeout (node:_http_client:848:9)
      at Object.onceWrapper (node:events:627:28)
      at TLSSocket.emit (node:events:525:35)
      at Socket._onTimeout (node:net:570:8)
      at listOnTimeout (node:internal/timers:569:17)
      at process.processTimers (node:internal/timers:512:7)

npm manifest: 
  {
    "name": "nft-marketplace",
    "version": "0.1.0",
    "homepage": "./",
    "private": true,
    "scripts": {
      "dev": "next dev",
      "build": "next build",
      "start": "next start",
      "lint": "next lint"
    },
    "dependencies": {
      "@enzoferey/ethers-error-parser": "^0.2.3",
      "@next/bundle-analyzer": "^13.2.4",
      "@nomiclabs/hardhat-ethers": "^2.1.1",
      "@nomiclabs/hardhat-waffle": "^2.0.3",
      "@openzeppelin/contracts": "^4.7.3",
      "@openzeppelin/contracts-upgradeable": "^4.8.1",
      "@walletconnect/web3-provider": "^1.8.0",
      "antd": "^5.3.0",
      "axios": "^0.27.2",
      "body-parser": "^1.20.0",
      "browserify-fs": "^1.0.0",
      "chai": "^4.3.6",
      "core-js": "^3.23.3",
      "cross-env": "^7.0.3",
      "datatables.net": "^1.13.1",
      "datatables.net-dt": "^1.13.1",
      "ethereum-waffle": "^4.0.10",
      "ethereumjs-block": "^2.2.2",
      "ethers": "^5.7.0",
      "express": "^4.18.1",
      "file-saver": "^2.0.5",
      "fs": "^0.0.1-security",
      "hardhat": "^2.10.2",
      "http-proxy-middleware": "^2.0.6",
      "ipfs-http-client": "^57.0.3",
      "jquery": "^3.6.1",
      "jquery-ui-bundle": "^1.12.1-migrate",
      "magic-sdk": "^13.6.2",
      "moralis-v1": "^1.12.0",
      "next": "12.2.5",
      "node-fetch": "^3.3.0",
      "popper.js": "^1.16.1",
      "react": "18.2.0",
      "react-bootstrap": "^2.5.0",
      "react-bootstrap-table-next": "^4.0.3",
      "react-bootstrap-table2-paginator": "^2.1.2",
      "react-bootstrap-table2-toolkit": "^2.1.3",
      "react-data-table-component": "^7.5.3",
      "react-dom": "18.2.0",
      "react-icons": "^4.4.0",
      "react-moralis": "^1.4.2",
      "react-native-dotenv": "^3.3.1",
      "react-native-video": "^5.2.1",
      "react-router-dom": "^6.4.1",
      "react-select": "^5.4.0",
      "react-toastify": "^9.0.8",
      "solc": "^0.4.11",
      "styled-components": "^5.3.6",
      "web3": "^1.8.1",
      "web3modal": "^1.9.9"
    },
    "devDependencies": {
      "@types/jquery": "^3.5.14",
      "autoprefixer": "^10.4.8",
      "dotenv-webpack": "^8.0.1",
      "eslint": "8.23.0",
      "eslint-config-next": "12.2.5",
      "postcss": "^8.4.16",
      "tailwindcss": "^3.1.8"
    },
    "browser": {
      "fs": false,
      "path": false,
      "os": false
    }
  }

yarn manifest: 
  No manifest

Lockfile: 
  No lockfile
